2023.04.24 01:49:52 INFO  Started: Metals version 0.11.12 in workspace 'C:\Users\ajyab\Documents\streamlit_app' for client Visual Studio Code 1.77.3.
Apr 24, 2023 1:49:52 AM org.flywaydb.core.internal.license.VersionPrinter printVersionOnly
INFO: Flyway Community Edition 9.16.3 by Redgate
Apr 24, 2023 1:49:52 AM org.flywaydb.core.internal.license.VersionPrinter printVersion
INFO: See release notes here: https://rd.gt/416ObMi
Apr 24, 2023 1:49:52 AM org.flywaydb.core.internal.license.VersionPrinter printVersion
INFO: 
Apr 24, 2023 1:49:52 AM org.flywaydb.core.internal.database.base.BaseDatabaseType createDatabase
INFO: Database: jdbc:h2:file:C:\Users\ajyab\Documents\streamlit_app\.metals\metals (H2 2.1)
Apr 24, 2023 1:49:53 AM org.flywaydb.core.internal.schemahistory.JdbcTableSchemaHistory allAppliedMigrations
INFO: Schema history table "PUBLIC"."flyway_schema_history" does not exist yet
Apr 24, 2023 1:49:53 AM org.flywaydb.core.internal.command.DbValidate validate
INFO: Successfully validated 4 migrations (execution time 00:00.014s)
Apr 24, 2023 1:49:53 AM org.flywaydb.core.internal.schemahistory.JdbcTableSchemaHistory create
INFO: Creating Schema History table "PUBLIC"."flyway_schema_history" ...
Apr 24, 2023 1:49:53 AM org.flywaydb.core.internal.command.DbMigrate migrateGroup
INFO: Current version of schema "PUBLIC": << Empty Schema >>
Apr 24, 2023 1:49:53 AM org.flywaydb.core.internal.command.DbMigrate doMigrateGroup
INFO: Migrating schema "PUBLIC" to version "1 - Create tables"
Apr 24, 2023 1:49:53 AM org.flywaydb.core.internal.command.DbMigrate doMigrateGroup
INFO: Migrating schema "PUBLIC" to version "2 - Server discovery"
Apr 24, 2023 1:49:53 AM org.flywaydb.core.internal.command.DbMigrate doMigrateGroup
INFO: Migrating schema "PUBLIC" to version "3 - Jar symbols"
Apr 24, 2023 1:49:53 AM org.flywaydb.core.internal.command.DbMigrate doMigrateGroup
INFO: Migrating schema "PUBLIC" to version "4 - Fingerprints"
Apr 24, 2023 1:49:53 AM org.flywaydb.core.internal.command.DbMigrate logSummary
INFO: Successfully applied 4 migrations to schema "PUBLIC", now at version v4 (execution time 00:00.038s)
2023.04.24 01:49:53 INFO  time: initialize in 0.6s
Apr 24, 2023 1:49:53 AM org.eclipse.lsp4j.jsonrpc.RemoteEndpoint handleCancellation
WARNING: Unmatched cancel notification for request id 1
2023.04.24 01:49:53 WARN  Build server is not auto-connectable.
2023.04.24 01:49:53 WARN  no build tool detected in workspace 'C:\Users\ajyab\Documents\streamlit_app'. The most common cause for this problem is that the editor was opened in the wrong working directory, for example if you use sbt then the workspace directory should contain build.sbt. 
2023.04.24 01:49:54 WARN  no build target for: C:\Users\ajyab\Documents\322 Final Project\main.scala
2023.04.24 01:49:59 INFO  no build target found for C:\Users\ajyab\Documents\322 Final Project\main.scala. Using presentation compiler with project's scala-library version: 3.2.2
2023.04.24 01:50:01 WARN  no build target for: C:\Users\ajyab\Documents\322 Final Project\main.scala
2023.04.24 01:50:01 INFO  time: code lens generation in 4s
2023.04.24 01:50:01 INFO  time: code lens generation in 6.57s
Apr 24, 2023 1:50:12 AM org.eclipse.lsp4j.jsonrpc.RemoteEndpoint fallbackResponseError
SEVERE: Internal error: scala.meta.internal.metals.debug.BuildTargetNotFoundForPathException: No build target could be found for the path: C:\Users\ajyab\Documents\322 Final Project\main.scala
java.util.concurrent.CompletionException: scala.meta.internal.metals.debug.BuildTargetNotFoundForPathException: No build target could be found for the path: C:\Users\ajyab\Documents\322 Final Project\main.scala
	at java.util.concurrent.CompletableFuture.encodeThrowable(Unknown Source)
	at java.util.concurrent.CompletableFuture.completeThrowable(Unknown Source)
	at java.util.concurrent.CompletableFuture.uniAccept(Unknown Source)
	at java.util.concurrent.CompletableFuture$UniAccept.tryFire(Unknown Source)
	at java.util.concurrent.CompletableFuture.uniAcceptStage(Unknown Source)
	at java.util.concurrent.CompletableFuture.thenAcceptAsync(Unknown Source)
	at scala.concurrent.java8.FuturesConvertersImpl$CF.thenAccept(FutureConvertersImpl.scala:37)
	at org.eclipse.lsp4j.jsonrpc.RemoteEndpoint.handleRequest(RemoteEndpoint.java:279)
	at org.eclipse.lsp4j.jsonrpc.RemoteEndpoint.consume(RemoteEndpoint.java:190)
	at org.eclipse.lsp4j.jsonrpc.json.StreamMessageProducer.handleMessage(StreamMessageProducer.java:194)
	at org.eclipse.lsp4j.jsonrpc.json.StreamMessageProducer.listen(StreamMessageProducer.java:94)
	at org.eclipse.lsp4j.jsonrpc.json.ConcurrentMessageProcessor.run(ConcurrentMessageProcessor.java:113)
	at java.util.concurrent.Executors$RunnableAdapter.call(Unknown Source)
	at java.util.concurrent.FutureTask.run(Unknown Source)
	at java.util.concurrent.ThreadPoolExecutor.runWorker(Unknown Source)
	at java.util.concurrent.ThreadPoolExecutor$Worker.run(Unknown Source)
	at java.lang.Thread.run(Unknown Source)
Caused by: scala.meta.internal.metals.debug.BuildTargetNotFoundForPathException: No build target could be found for the path: C:\Users\ajyab\Documents\322 Final Project\main.scala
	at scala.meta.internal.metals.debug.DebugProvider.debugDiscovery(DebugProvider.scala:469)
	at scala.meta.internal.metals.debug.DebugProvider.runCommandDiscovery(DebugProvider.scala:419)
	at scala.meta.internal.metals.MetalsLspService.executeCommand(MetalsLspService.scala:1859)
	at scala.meta.metals.lsp.DelegatingScalaService.executeCommand(DelegatingScalaService.scala:169)
	at sun.reflect.NativeMethodAccessorImpl.invoke0(Native Method)
	at sun.reflect.NativeMethodAccessorImpl.invoke(Unknown Source)
	at sun.reflect.DelegatingMethodAccessorImpl.invoke(Unknown Source)
	at java.lang.reflect.Method.invoke(Unknown Source)
	at org.eclipse.lsp4j.jsonrpc.services.GenericEndpoint.lambda$null$0(GenericEndpoint.java:65)
	at org.eclipse.lsp4j.jsonrpc.services.GenericEndpoint.request(GenericEndpoint.java:120)
	at org.eclipse.lsp4j.jsonrpc.RemoteEndpoint.handleRequest(RemoteEndpoint.java:261)
	... 9 more

Apr 24, 2023 1:50:22 AM org.eclipse.lsp4j.jsonrpc.RemoteEndpoint fallbackResponseError
SEVERE: Internal error: scala.meta.internal.metals.debug.BuildTargetNotFoundForPathException: No build target could be found for the path: C:\Users\ajyab\Documents\322 Final Project\main.scala
java.util.concurrent.CompletionException: scala.meta.internal.metals.debug.BuildTargetNotFoundForPathException: No build target could be found for the path: C:\Users\ajyab\Documents\322 Final Project\main.scala
	at java.util.concurrent.CompletableFuture.encodeThrowable(Unknown Source)
	at java.util.concurrent.CompletableFuture.completeThrowable(Unknown Source)
	at java.util.concurrent.CompletableFuture.uniAccept(Unknown Source)
	at java.util.concurrent.CompletableFuture$UniAccept.tryFire(Unknown Source)
	at java.util.concurrent.CompletableFuture.uniAcceptStage(Unknown Source)
	at java.util.concurrent.CompletableFuture.thenAcceptAsync(Unknown Source)
	at scala.concurrent.java8.FuturesConvertersImpl$CF.thenAccept(FutureConvertersImpl.scala:37)
	at org.eclipse.lsp4j.jsonrpc.RemoteEndpoint.handleRequest(RemoteEndpoint.java:279)
	at org.eclipse.lsp4j.jsonrpc.RemoteEndpoint.consume(RemoteEndpoint.java:190)
	at org.eclipse.lsp4j.jsonrpc.json.StreamMessageProducer.handleMessage(StreamMessageProducer.java:194)
	at org.eclipse.lsp4j.jsonrpc.json.StreamMessageProducer.listen(StreamMessageProducer.java:94)
	at org.eclipse.lsp4j.jsonrpc.json.ConcurrentMessageProcessor.run(ConcurrentMessageProcessor.java:113)
	at java.util.concurrent.Executors$RunnableAdapter.call(Unknown Source)
	at java.util.concurrent.FutureTask.run(Unknown Source)
	at java.util.concurrent.ThreadPoolExecutor.runWorker(Unknown Source)
	at java.util.concurrent.ThreadPoolExecutor$Worker.run(Unknown Source)
	at java.lang.Thread.run(Unknown Source)
Caused by: scala.meta.internal.metals.debug.BuildTargetNotFoundForPathException: No build target could be found for the path: C:\Users\ajyab\Documents\322 Final Project\main.scala
	at scala.meta.internal.metals.debug.DebugProvider.debugDiscovery(DebugProvider.scala:469)
	at scala.meta.internal.metals.debug.DebugProvider.runCommandDiscovery(DebugProvider.scala:419)
	at scala.meta.internal.metals.MetalsLspService.executeCommand(MetalsLspService.scala:1859)
	at scala.meta.metals.lsp.DelegatingScalaService.executeCommand(DelegatingScalaService.scala:169)
	at sun.reflect.NativeMethodAccessorImpl.invoke0(Native Method)
	at sun.reflect.NativeMethodAccessorImpl.invoke(Unknown Source)
	at sun.reflect.DelegatingMethodAccessorImpl.invoke(Unknown Source)
	at java.lang.reflect.Method.invoke(Unknown Source)
	at org.eclipse.lsp4j.jsonrpc.services.GenericEndpoint.lambda$null$0(GenericEndpoint.java:65)
	at org.eclipse.lsp4j.jsonrpc.services.GenericEndpoint.request(GenericEndpoint.java:120)
	at org.eclipse.lsp4j.jsonrpc.RemoteEndpoint.handleRequest(RemoteEndpoint.java:261)
	... 9 more

2023.04.24 01:52:37 WARN  no build target for: C:\Users\ajyab\Documents\322 Final Project\main.scala
2023.04.24 01:53:01 WARN  no build target for: C:\Users\ajyab\Documents\322 Final Project\main.scala
2023.04.24 01:53:42 WARN  no build target for: C:\Users\ajyab\Documents\322 Final Project\main.scala
